[23-May-2025 17:46:27 Asia/Ho_Chi_Minh] PHP Error [2]: ini_set(): Session ini settings cannot be changed when a session is active in C:\laragon\www\rtk_web\private\utils\session_middleware.php on line 15
[23-May-2025 17:46:47 Asia/Ho_Chi_Minh] Payment Page: Updated renewal transaction_history amount to 864000 for registration ID 292
[23-May-2025 17:47:00 Asia/Ho_Chi_Minh] Error fetching user rankings: SQLSTATE[42000]: Syntax error or access violation: 1064 You have an error in your SQL syntax; check the manual that corresponds to your MySQL server version for the right syntax to use near 'rank
                FROM 
                    user_ranking
                W' at line 2
[23-May-2025 17:47:11 Asia/Ho_Chi_Minh] Error fetching user rankings: SQLSTATE[42000]: Syntax error or access violation: 1064 You have an error in your SQL syntax; check the manual that corresponds to your MySQL server version for the right syntax to use near 'rank
                FROM 
                    user_ranking
                W' at line 2
[23-May-2025 17:48:03 Asia/Ho_Chi_Minh] Error fetching user rankings: SQLSTATE[42000]: Syntax error or access violation: 1064 You have an error in your SQL syntax; check the manual that corresponds to your MySQL server version for the right syntax to use near 'rank
                FROM 
                    user_ranking
                W' at line 2
[23-May-2025 21:15:44 Asia/Ho_Chi_Minh] Payment Page: Updated purchase transaction_history amount to 2160000 for registration ID 293
[23-May-2025 21:16:24 Asia/Ho_Chi_Minh] Payment Page: Updated purchase transaction_history amount to 2160000 for registration ID 293
[23-May-2025 21:16:25 Asia/Ho_Chi_Minh] Payment Page: Updated purchase transaction_history amount to 2160000 for registration ID 293
[23-May-2025 21:17:28 Asia/Ho_Chi_Minh] Payment Page: Updated purchase transaction_history amount to 2200000 for registration ID 293
[23-May-2025 21:20:41 Asia/Ho_Chi_Minh] Payment Page: Updated renewal transaction_history amount to 6600000 for registration ID 294
[25-May-2025 16:23:58 Asia/Ho_Chi_Minh] PHP Error [8192]: Constant FILTER_SANITIZE_STRING is deprecated in E:\Application\laragon\www\rtk_web\private\action\purchase\process_renewal.php on line 20
[25-May-2025 16:24:53 Asia/Ho_Chi_Minh] Payment Page: Updated renewal transaction_history amount to 297000 for registration ID 240
[25-May-2025 16:24:59 Asia/Ho_Chi_Minh] Error fetching user rankings: SQLSTATE[42000]: Syntax error or access violation: 1064 You have an error in your SQL syntax; check the manual that corresponds to your MySQL server version for the right syntax to use near 'rank
                FROM 
                    user_ranking
                W' at line 2
[25-May-2025 16:24:59 Asia/Ho_Chi_Minh] Error fetching user rankings: SQLSTATE[42000]: Syntax error or access violation: 1064 You have an error in your SQL syntax; check the manual that corresponds to your MySQL server version for the right syntax to use near 'rank
                FROM 
                    user_ranking
                W' at line 2
[25-May-2025 16:25:19 Asia/Ho_Chi_Minh] Error fetching user rankings: SQLSTATE[42000]: Syntax error or access violation: 1064 You have an error in your SQL syntax; check the manual that corresponds to your MySQL server version for the right syntax to use near 'rank
                FROM 
                    user_ranking
                W' at line 2
[25-May-2025 16:25:23 Asia/Ho_Chi_Minh] Error fetching user rankings: SQLSTATE[42000]: Syntax error or access violation: 1064 You have an error in your SQL syntax; check the manual that corresponds to your MySQL server version for the right syntax to use near 'rank
                FROM 
                    user_ranking
                W' at line 2
[25-May-2025 16:26:55 Asia/Ho_Chi_Minh] Error fetching user rankings: SQLSTATE[42000]: Syntax error or access violation: 1064 You have an error in your SQL syntax; check the manual that corresponds to your MySQL server version for the right syntax to use near 'rank
                FROM 
                    user_ranking
                W' at line 2
